<?xml version="1.0" encoding="UTF-8"?>
<!-- Generated by org.testng.reporters.JUnitXMLReporter -->
<testsuite hostname="LAPTOP-AMA7L6BO" name="Test" tests="1" failures="0" timestamp="6 Jan 2017 05:44:46 GMT" time="0.387" errors="0">
  <testcase name="@BeforeTest setBrowser" time="0.0" classname="utils.WebDriverFactory">
    <failure type="org.testng.TestNGException" message="
Parameter &amp;apos;browserName&amp;apos; is required by @Configuration on method setBrowser but has not been marked @Optional or defined
in C:\Users\aurph\Desktop\Workspace\project.hotel\testng.xml">
      <![CDATA[org.testng.TestNGException: 
Parameter 'browserName' is required by @Configuration on method setBrowser but has not been marked @Optional or defined
in C:\Users\aurph\Desktop\Workspace\project.hotel\testng.xml
... Removed 20 stack frames]]>
    </failure>
  </testcase> <!-- @BeforeTest setBrowser -->
  <testcase name="@BeforeMethod NavigateToHotelDeals" time="0.0" classname="hotel.com.project.hotel.PackageAndFlightTest">
    <skipped/>
  </testcase> <!-- @BeforeMethod NavigateToHotelDeals -->
  <testcase name="@BeforeMethod NavigateToPage" time="0.0" classname="hotel.com.project.hotel.PackageAndFlightTest">
    <skipped/>
  </testcase> <!-- @BeforeMethod NavigateToPage -->
  <testcase name="@AfterMethod NavigateToHomePage" time="0.0" classname="hotel.com.project.hotel.PackageAndFlightTest">
    <skipped/>
  </testcase> <!-- @AfterMethod NavigateToHomePage -->
  <testcase name="@AfterTest tearDown" time="0.0" classname="utils.WebDriverFactory">
    <failure type="java.lang.NullPointerException">
      <![CDATA[java.lang.NullPointerException
	at utils.WebDriverFactory.tearDown(WebDriverFactory.java:138)
... Removed 23 stack frames]]>
    </failure>
  </testcase> <!-- @AfterTest tearDown -->
  <testcase name="TA111" time="0.036" classname="hotel.com.project.hotel.PackageAndFlightTest">
    <skipped/>
  </testcase> <!-- TA111 -->
</testsuite> <!-- Test -->
